2025-03-17 21:07:57,933 - INFO - Форматирование результата с 5 знаками после запятой: 113.037 EUR
2025-03-17 22:28:38,663 - INFO - Форматирование результата с 12 знаками после запятой: 275.7 EUR
2025-03-18 19:32:14,229 - INFO - Форматирование результата с 2 знаками после запятой: 10.091999999999999 GBP
2025-03-18 19:39:10,439 - INFO - Форматирование результата English с 8 знаками после запятой: 10.992 EUR
2025-03-18 19:41:10,887 - INFO - Форматирование результата с 7 знаками после запятой: 10.992 EU

2025-03-18 21:13:20,000 - INFO - Конвертация: 40.0 USD -> EUR с 2 знаками после запятой
2025-03-18 21:13:21,235 - INFO - Курс обмена: 0.916
2025-03-18 21:13:21,236 - INFO - Результат конвертации до форматирования: 36.64 EUR
2025-03-18 21:13:21,236 - INFO - Форматирование результата с 2 знаками после запятой: 36.64 EUR
2025-03-18 21:13:21,236 - INFO - Форматированный результат: Результат конвертации: 36.64 EUR
2025-03-18 21:16:50,893 - INFO - Инициализация CurrencyConverter с форматтером: CurrencyFormatter
2025-03-18 21:20:27,992 - INFO - Инициализация CurrencyConverter с форматтером: CurrencyFormatter
2025-03-18 21:23:50,591 - INFO - Инициализация CurrencyConverter с форматтером: CurrencyFormatter
2025-03-18 21:24:25,482 - INFO - Инициализация CurrencyConverter с форматтером: CurrencyFormatter
2025-03-18 21:50:23,028 - INFO - Инициализация CurrencyConverter с форматтером: CurrencyFormatter
2025-03-18 21:50:41,115 - INFO - Инициализация CurrencyConverter с форматтером: CurrencyFormatter
2025-03-18 21:51:00,789 - INFO - Инициализация CurrencyConverter с форматтером: CurrencyFormatter
2025-03-18 21:51:10,615 - INFO - Инициализация CurrencyConverter с форматтером: CurrencyFormatter
2025-03-20 23:19:48,104 - INFO - Инициализация CurrencyConverter с форматтером: CurrencyFormatter
2025-03-20 23:21:52,737 - INFO - Инициализация CurrencyConverter с форматтером: CurrencyFormatter
2025-03-25 13:52:40,225 - INFO - Инициализация CurrencyConverter с форматтером: CurrencyFormatter
2025-03-25 13:53:07,439 - INFO - Конвертация: 120.0 EUR -> USD с 5 знаками после запятой
2025-03-25 13:53:09,233 - INFO - Курс обмена: 1.081081081081081
2025-03-25 13:53:09,233 - INFO - Результат конвертации до форматирования: 129.7297297297297 USD
2025-03-25 13:53:09,233 - INFO - Форматирование результата с 5 знаками после запятой: 129.7297297297297 USD
2025-03-25 13:53:09,234 - INFO - Форматированный результат: Результат конвертации: 129.72973 USD
2025-03-25 13:53:09,237 - INFO - Конвертация: 120.0 EUR -> USD с 5 знаками после запятой
2025-03-25 13:53:09,237 - INFO - Курс обмена: 1.081081081081081
2025-03-25 13:53:09,237 - INFO - Результат конвертации до форматирования: 129.7297297297297 USD
2025-03-25 13:53:09,237 - INFO - Форматирование результата с 5 знаками после запятой: 129.7297297297297 USD
2025-03-25 13:53:09,237 - INFO - Форматированный результат: Результат конвертации: 129.72973 USD
2025-04-05 00:06:53,963 - INFO - Инициализация CurrencyConverter с форматтером: CurrencyFormatter
2025-04-05 00:13:34,475 - INFO - Инициализация CurrencyConverter с форматтером: CurrencyFormatter
2025-04-05 00:17:20,847 - INFO - Инициализация CurrencyConverter с форматтером: CurrencyFormatter
2025-04-05 00:17:52,794 - INFO - Инициализация CurrencyConverter с форматтером: CurrencyFormatter
2025-04-05 00:18:01,067 - INFO - Инициализация CurrencyConverter с форматтером: CurrencyFormatter
2025-04-05 00:18:15,467 - INFO - Инициализация CurrencyConverter с форматтером: CurrencyFormatter
2025-04-05 00:19:04,711 - INFO - Инициализация CurrencyConverter с форматтером: CurrencyFormatter
2025-04-05 00:19:08,859 - INFO - Инициализация CurrencyConverter с форматтером: CurrencyFormatter
2025-04-05 00:19:29,704 - INFO - Инициализация CurrencyConverter с форматтером: CurrencyFormatter
2025-04-05 00:20:08,724 - INFO - Инициализация CurrencyConverter с форматтером: CurrencyFormatter
2025-04-05 00:20:27,045 - INFO - Инициализация CurrencyConverter с форматтером: CurrencyFormatter
2025-04-05 00:21:15,507 - INFO - Инициализация CurrencyConverter с форматтером: CurrencyFormatter
2025-04-05 00:21:40,808 - INFO - Инициализация CurrencyConverter с форматтером: CurrencyFormatter
2025-04-05 00:21:50,336 - INFO - Инициализация CurrencyConverter с форматтером: CurrencyFormatter
2025-04-05 00:25:14,829 - INFO - Инициализация CurrencyConverter с форматтером: CurrencyFormatter
2025-04-05 00:25:48,320 - INFO - Конвертация: 12.0 USD -> USD с 2 знаками после запятой
2025-04-05 00:25:49,792 - INFO - Курс обмена: 1.0
2025-04-05 00:25:49,793 - INFO - Результат конвертации до форматирования: 12.0 USD
2025-04-05 00:25:49,793 - INFO - Форматирование результата English с 2 знаками после запятой: 12.0 USD
2025-04-05 00:25:49,793 - INFO - Форматированный результат: \u2728 Conversion result: 12.00 USD \u2728
2025-04-05 00:26:01,118 - INFO - Конвертация: 12.0 USD -> EUR с 2 знаками после запятой
2025-04-05 00:26:01,959 - INFO - Курс обмена: 0.905
2025-04-05 00:26:01,959 - INFO - Результат конвертации до форматирования: 10.86 EUR
2025-04-05 00:26:01,959 - INFO - Форматирование результата English с 2 знаками после запятой: 10.86 EUR
2025-04-05 00:26:01,959 - INFO - Форматированный результат: \u2728 Conversion result: 10.86 EUR \u2728
2025-04-05 00:26:03,023 - INFO - Конвертация: 12.0 USD -> EUR с 2 знаками после запятой
2025-04-05 00:26:03,023 - INFO - Курс обмена: 0.905
2025-04-05 00:26:03,023 - INFO - Результат конвертации до форматирования: 10.86 EUR
2025-04-05 00:26:03,023 - INFO - Форматирование результата English с 2 знаками после запятой: 10.86 EUR
2025-04-05 00:26:03,023 - INFO - Форматированный результат: \u2728 Conversion result: 10.86 EUR \u2728
2025-04-05 00:26:04,229 - INFO - Конвертация: 12.0 USD -> EUR с 2 знаками после запятой
2025-04-05 00:26:04,229 - INFO - Курс обмена: 0.905
2025-04-05 00:26:04,229 - INFO - Результат конвертации до форматирования: 10.86 EUR
2025-04-05 00:26:04,229 - INFO - Форматирование результата English с 2 знаками после запятой: 10.86 EUR
2025-04-05 00:26:04,229 - INFO - Форматированный результат: \u2728 Conversion result: 10.86 EUR \u2728
2025-04-05 00:26:05,942 - INFO - Конвертация: 12.0 USD -> EUR с 2 знаками после запятой
2025-04-05 00:26:05,942 - INFO - Курс обмена: 0.905
2025-04-05 00:26:05,942 - INFO - Результат конвертации до форматирования: 10.86 EUR
2025-04-05 00:26:05,942 - INFO - Форматирование результата English с 2 знаками после запятой: 10.86 EUR
2025-04-05 00:26:05,942 - INFO - Форматированный результат: \u2728 Conversion result: 10.86 EUR \u2728
2025-04-05 00:26:16,197 - INFO - Конвертация: 12.0 USD -> GBP с 2 знаками после запятой
2025-04-05 00:26:17,141 - INFO - Курс обмена: 0.763
2025-04-05 00:26:17,142 - INFO - Результат конвертации до форматирования: 9.156 GBP
2025-04-05 00:26:17,142 - INFO - Форматирование результата English с 2 знаками после запятой: 9.156 GBP
2025-04-05 00:26:17,142 - INFO - Форматированный результат: \u2728 Conversion result: 9.16 GBP \u2728
2025-04-05 00:30:12,156 - INFO - Инициализация CurrencyConverter с форматтером: CurrencyFormatter
2025-04-05 00:30:16,743 - INFO - Инициализация CurrencyConverter с форматтером: CurrencyFormatter
2025-04-05 00:34:04,532 - INFO - Инициализация CurrencyConverter с форматтером: CurrencyFormatter
2025-04-05 00:34:23,717 - INFO - Инициализация CurrencyConverter с форматтером: CurrencyFormatter
2025-04-05 00:47:54,453 - INFO - Инициализация CurrencyConverter с форматтером: CurrencyFormatter
2025-04-08 13:52:06,208 - INFO - Инициализация CurrencyConverter с форматтером: CurrencyFormatter
